

<!DOCTYPE html>
<html>
<head>
<meta charset="UTF-8">
<meta name="viewport" content="width=device-width, initial-scale=1, shrink-to-fit=no">
<title>Extent Report</title>
<link rel="apple-touch-icon" href="https://cdn.jsdelivr.net/gh/extent-framework/extent-github-cdn@b00a2d0486596e73dd7326beacf352c639623a0e/commons/img/logo.png">
<link rel="shortcut icon" href="https://cdn.jsdelivr.net/gh/extent-framework/extent-github-cdn@b00a2d0486596e73dd7326beacf352c639623a0e/commons/img/logo.png">
<link href="https://cdn.jsdelivr.net/gh/extent-framework/extent-github-cdn@d6562a79075e061305ccfdb82f01e5e195e2d307/spark/css/spark-style.css" rel="stylesheet" />
<link href="https://stackpath.bootstrapcdn.com/font-awesome/4.7.0/css/font-awesome.min.css" rel="stylesheet">
<script src="https://cdn.jsdelivr.net/gh/extent-framework/extent-github-cdn@7cc78ce/spark/js/jsontree.js"></script>
<style type="text/css"></style></head><body class="spa bdd-report dark">
  <div class="app">
    <div class="layout">
<div class="header navbar">
<div class="vheader">
<div class="nav-logo">
<a href="#">
<div class="logo" style="background-image: url('https://cdn.jsdelivr.net/gh/extent-framework/extent-github-cdn@b00a2d0486596e73dd7326beacf352c639623a0e/commons/img/logo.png')"></div>
</a>
</div>
<ul class="nav-left">
<li class="search-box">
<a class="search-toggle" href="#">
<i class="search-icon fa fa-search"></i>
<i class="search-icon-close fa fa-close"></i>
</a>
</li>
<li class="search-input"><input id="search-tests" class="form-control" type="text" placeholder="Search..."></li>
</ul>
<ul class="nav-right">
<li class="m-r-10">
<a href="#"><span class="badge badge-primary">Orange HRM Report</span></a>
</li>
<li class="m-r-10">
<a href="#"><span class="badge badge-primary">Dec 19, 2023 11:30:37 pm</span></a>
</li>
</ul>
</div>
</div><div class="side-nav">
<div class="side-nav-inner">
<ul class="side-nav-menu">
<li class="nav-item dropdown" onclick="toggleView('dashboard-view')">
<a id="nav-dashboard" class="dropdown-toggle" href="#">
<span class="ico"><i class="fa fa-bar-chart"></i></span>
</a>
</li>
<li class="nav-item dropdown" onclick="toggleView('test-view')">
<a id="nav-test" class="dropdown-toggle" href="#">
<span class="ico"><i class="fa fa-list"></i></span>
</a>
</li>
<li class="nav-item dropdown" onclick="toggleView('category-view')">
<a id="nav-category" class="dropdown-toggle" href="#">
<span class="ico"><i class="fa fa-tag"></i></span>
</a>
</li>
<li class="nav-item dropdown" onclick="toggleView('exception-view')">
<a id="nav-exception" class="dropdown-toggle" href="#">
<span class="ico"><i class="fa fa-bug"></i></span>
</a>
</li>
</ul>
</div>
</div>      <div class="vcontainer">
        <div class="main-content">
<div class="container-fluid p-4 view dashboard-view">
<div class="row">
<div class="col-md-3">
<div class="card"><div class="card-body">
<p class="m-b-0">Started</p>
<h3>Dec 19, 2023 11:30:37 pm</h3>
</div></div>
</div>
<div class="col-md-3">
<div class="card"><div class="card-body">
<p class="m-b-0">Ended</p>
<h3>Dec 19, 2023 11:33:31 pm</h3>
</div></div>
</div>
<div class="col-md-3">
<div class="card"><div class="card-body">
<p class="m-b-0 text-pass">Features Passed</p>
<h3>1</h3>
</div></div>
</div>
<div class="col-md-3">
<div class="card"><div class="card-body">
<p class="m-b-0 text-fail">Features Failed</p>
<h3>1</h3>
</div></div>
</div>
</div>
<div class="row">
<div class="col-md-4">
<div class="card">
<div class="card-header">
<h6 class="card-title">Features</h6>
</div>
<div class="card-body">
<div class="">
<canvas id='parent-analysis' width='115' height='90'></canvas>
</div>
</div>
<div class="card-footer">
<div><small data-tooltip='50%'>
<b>1</b> features passed
</small>
</div>
<div>
<small data-tooltip='50%'><b>1</b> features failed,
<b>0</b> skipped, <b data-tooltip='0%'>0</b> others
</small>
</div>
</div>
</div>
</div>
<div class="col-md-4">
<div class="card">
<div class="card-header">
<h6 class="card-title">Scenarios</h6>
</div>
<div class="card-body">
<div class="">
<canvas id='child-analysis' width='115' height='90'></canvas>
</div>
</div>
<div class="card-footer">
<div><small data-tooltip='57%'><b>4</b> scenarios passed</small></div>
<div>
<small data-tooltip='42%'><b>3</b> scenarios failed,
<b>0</b> skipped, <b data-tooltip='%'>0</b> others
</small>
</div>
</div>
</div>
</div>
<div class="col-md-4">
<div class="card">
<div class="card-header">
<h6 class="card-title">Steps</h6>
</div>
<div class="card-body">
<div class="">
<canvas id='grandchild-analysis' width='115' height='90'></canvas>
</div>
</div>
<div class="card-footer">
<div><small data-tooltip='48%'><b>29</b> steps passed</small></div>
<div>
<small data-tooltip='10%'><b>6</b> steps failed,
<b>25</b> skipped, <b data-tooltip='%'>0</b> others
</small>
</div>
</div>
</div>
</div>
</div>
<div class="row"><div class="col-md-12">
<div class="card"><div class="card-header"><p>Timeline</p></div>
<div class="card-body pt-0"><div>
<canvas id="timeline" height="120"></canvas>
</div></div>
</div>
</div></div>
<script>
var timeline = {
"As a user I want to verify different login functions.":19.528,"As a user I want to verify admin can execute different actions on users.":153.015
};
</script>
<div class="row">
<div class="col-lg-6 col-md-12 category-container">
<div class="card">
<div class="card-header"><p>Tags</p></div>
<div class="card-body pb-0 pt-0"><table class="table table-sm table-bordered">
<thead><tr class="bg-gray"><th>Name</th><th>Passed</th><th>Failed</th><th>Skipped</th><th>Others</th><th>Passed %</th></tr></thead><tbody>
<tr>
<td>@smoke</td>
<td>2</td>
<td>0</td>
<td>0</td>
<td>0</td>
<td>100%</td>
</tr>
<tr>
<td>@regression</td>
<td>4</td>
<td>3</td>
<td>0</td>
<td>0</td>
<td>57.143%</td>
</tr>
<tr>
<td>@sanity</td>
<td>1</td>
<td>1</td>
<td>0</td>
<td>0</td>
<td>50%</td>
</tr>
</tbody>
</table></div>
</div>
</div>
<div class="col-lg-6 col-md-12 sysenv-container">
<div class="card">
<div class="card-header"><p>System/Environment</p></div>
<div class="card-body pb-0 pt-0"><table class="table table-sm table-bordered">
<thead><tr class="bg-gray"><th>Name</th><th>Value</th></tr></thead>
<tbody>
<tr>
<td>Engineer</td>
<td>Jaynika Patel</td>
</tr>
<tr>
<td>Project</td>
<td>Orange Hrm </td>
</tr>
<tr>
<td>os</td>
<td>Windows</td>
</tr>
</tbody>
</table></div>
</div>
</div>
</div>
</div>
<script>
var statusGroup = {
parentCount: 5,
passParent: 1,
failParent: 1,
warningParent: 0,
skipParent: 0,
childCount: 5,
passChild: 4,
failChild: 3,
warningChild: 0,
skipChild: 0,
infoChild: 0,
grandChildCount: 5,
passGrandChild: 29,
failGrandChild: 6,
warningGrandChild: 0,
skipGrandChild: 25,
infoGrandChild: 0,
eventsCount: 5,
};
</script><div class="test-wrapper row view test-view">
  <div class="test-list">
    <div class="test-list-tools">
<ul class="tools pull-left">
<li><a href="#"><span class="font-size-14">Tests</span></a></li>
</ul>
<ul class="tools text-right">
<li class="dropdown">
<a href="#" class="dropdown-toggle" data-toggle="dropdown"><i class="fa fa-exclamation-circle"></i></a>
<ul id="status-toggle" class="dropdown-menu dropdown-md p-v-0">
<a class="dropdown-item" status="pass" href="#"><span>Pass</span><span class="status success"></span></a>
<a class="dropdown-item" status="fail" href="#"><span>Fail</span><span class="status danger"></span></a>
<div class="dropdown-divider"></div>
<a status="clear" class="dropdown-item" href="#"><span>Clear</span><span class="pull-right"><i class="fa fa-close"></i></span></a>
</ul>
</li>
<li class="dropdown">
<a href="#" class="dropdown-toggle" data-toggle="dropdown"><i class="fa fa-tag"></i></a>
<ul id="tag-toggle" class="dropdown-menu dropdown-md p-v-0">
<a class="dropdown-item" href="#">@smoke</a><a class="dropdown-item" href="#">@regression</a><a class="dropdown-item" href="#">@sanity</a>
</ul>
</li>
</ul>
</div>    <div class="test-list-wrapper scrollable">
      <ul class="test-list-item">
        <li class="test-item"  status="pass" test-id="1"
          author=""
          tag=""
          device="">
          <div class="test-detail">
            <p class="name">As a user I want to verify different login functions.</p>
            <p class="text-sm">
              <span>23:30:38</span> / <span>00:00:19:528</span>
              <span class="badge pass-bg log float-right">Pass</span>
            </p>
          </div>
          <div class="test-contents d-none">
<div class="detail-head">
<div class="p-v-10">
<div class="info">
<h5 class="test-status text-pass">As a user I want to verify different login functions.</h5>
<span class='badge badge-success'>12.19.2023 23:30:38</span>
<span class='badge badge-danger'>12.19.2023 23:30:57</span>
<span class='badge badge-default'>00:00:19:528</span>
&middot; <span class='uri-anchor badge badge-default'>#test-id=1</span>
<span class='badge badge-default pointer float-right ml-1 et'><i class="fa fa-chevron-down"></i></span>
<span class='badge badge-default pointer float-right ct'><i class="fa fa-chevron-up"></i></span>
</div>
<div class="m-t-10 m-l-5"></div>
</div>
</div>
<div class="accordion mt-4">
  <div class="card">
    <div class="card-header" role="tab">
      <div class="card-title">
        <div class="node" id="2"><span class="badge log pass-bg mr-2">Pass</span>I should login successfully</div>
      </div>
    </div>
        <div class="collapse">
          <div class="card-body">
              <div class="step pass-bg" title="com.orangehrmlive.demo.steps.runners.steps.UserTestSteps.iAmOnHomePageLoginToTheApplication()">
                <span>Given I am on HomePage & Login to the application</span>
      <div>
      </div>
              </div>
              <div class="step pass-bg" title="com.orangehrmlive.demo.steps.runners.steps.LoginTestSteps.iSeeWelcomeMessage()">
                <span>Then I see Welcome message</span>
      <div>
      </div>
              </div>
          </div>
        </div>
  </div>
  <div class="card">
    <div class="card-header" role="tab">
      <div class="card-title">
        <div class="node" id="7"><span class="badge log pass-bg mr-2">Pass</span>I should see Logo</div>
      </div>
    </div>
        <div class="collapse">
          <div class="card-body">
              <div class="step pass-bg" title="com.orangehrmlive.demo.steps.runners.steps.UserTestSteps.iAmOnHomePageLoginToTheApplication()">
                <span>Given I am on HomePage & Login to the application</span>
      <div>
      </div>
              </div>
              <div class="step pass-bg" title="com.orangehrmlive.demo.steps.runners.steps.LoginTestSteps.iSeeTheOrangeHRMLogo()">
                <span>Then I see the Orange HRM Logo</span>
      <div>
      </div>
              </div>
          </div>
        </div>
  </div>
  <div class="card">
    <div class="card-header" role="tab">
      <div class="card-title">
        <div class="node" id="12"><span class="badge log pass-bg mr-2">Pass</span>I should log out successfully</div>
      </div>
    </div>
        <div class="collapse">
          <div class="card-body">
              <div class="step pass-bg" title="com.orangehrmlive.demo.steps.runners.steps.UserTestSteps.iAmOnHomePageLoginToTheApplication()">
                <span>Given I am on HomePage & Login to the application</span>
      <div>
      </div>
              </div>
              <div class="step pass-bg" title="com.orangehrmlive.demo.steps.runners.steps.LoginTestSteps.iClickOnUserProfileLogo()">
                <span>When I click on user profile logo</span>
      <div>
      </div>
              </div>
              <div class="step pass-bg" title="com.orangehrmlive.demo.steps.runners.steps.LoginTestSteps.iMouseHoverAndClickOnLogout()">
                <span>And I mouse hover and click on logout</span>
      <div>
      </div>
              </div>
              <div class="step pass-bg" title="com.orangehrmlive.demo.steps.runners.steps.LoginTestSteps.iAmLoggedOutAndSeeTextLoginPanel()">
                <span>Then I am logged out and see text Login Panel</span>
      <div>
      </div>
              </div>
          </div>
        </div>
  </div>
</div>
          </div>
        </li>
        <li class="test-item"  status="fail" test-id="19"
          author=""
          tag=""
          device="">
          <div class="test-detail">
            <p class="name">As a user I want to verify admin can execute different actions on users.</p>
            <p class="text-sm">
              <span>23:30:57</span> / <span>00:02:33:015</span>
              <span class="badge fail-bg log float-right">Fail</span>
            </p>
          </div>
          <div class="test-contents d-none">
<div class="detail-head">
<div class="p-v-10">
<div class="info">
<h5 class="test-status text-fail">As a user I want to verify admin can execute different actions on users.</h5>
<span class='badge badge-success'>12.19.2023 23:30:57</span>
<span class='badge badge-danger'>12.19.2023 23:33:30</span>
<span class='badge badge-default'>00:02:33:015</span>
&middot; <span class='uri-anchor badge badge-default'>#test-id=19</span>
<span class='badge badge-default pointer float-right ml-1 et'><i class="fa fa-chevron-down"></i></span>
<span class='badge badge-default pointer float-right ct'><i class="fa fa-chevron-up"></i></span>
</div>
<div class="m-t-10 m-l-5"></div>
</div>
</div>
<div class="accordion mt-4">
  <div class="card">
    <div class="card-header" role="tab">
      <div class="card-title">
        <div class="node" id="20"><span class="badge log fail-bg mr-2">Fail</span>Admin should be able to add users</div>
      </div>
    </div>
        <div class="">
          <div class="card-body">
              <div class="step pass-bg" title="com.orangehrmlive.demo.steps.runners.steps.UserTestSteps.iAmOnHomePageLoginToTheApplication()">
                <span>Given I am on HomePage & Login to the application</span>
      <div>
      </div>
              </div>
              <div class="step pass-bg" title="com.orangehrmlive.demo.steps.runners.steps.UserTestSteps.iClickOnAdminTab()">
                <span>When I click On Admin Tab</span>
      <div>
      </div>
              </div>
              <div class="step pass-bg" title="com.orangehrmlive.demo.steps.runners.steps.UserTestSteps.iVerifySystemUsersText()">
                <span>Then I Verify System Users Text</span>
      <div>
      </div>
              </div>
              <div class="step pass-bg" title="com.orangehrmlive.demo.steps.runners.steps.UserTestSteps.iClickOnAddButton()">
                <span>When I click On Add button</span>
      <div>
      </div>
              </div>
              <div class="step pass-bg" title="com.orangehrmlive.demo.steps.runners.steps.UserTestSteps.iVerifyAddUserText()">
                <span>Then I Verify Add User Text</span>
      <div>
      </div>
              </div>
              <div class="step pass-bg" title="com.orangehrmlive.demo.steps.runners.steps.UserTestSteps.iSelectUserRoleAdmin()">
                <span>When I Select User Role Admin</span>
      <div>
      </div>
              </div>
              <div class="step fail-bg" title="com.orangehrmlive.demo.steps.runners.steps.UserTestSteps.iEnterEmployeeNameAnanyaDash()">
                <span>And I enter Employee Name Ananya Dash</span>
      <div>
        <textarea disabled class="code-block">org.openqa.selenium.NoSuchElementException: no such element: Unable to locate element: {"method":"xpath","selector":"//*[@class='oxd-autocomplete-wrapper']//*[contains(text(),'Goutam  Ganesh')]"}
  (Session info: chrome=120.0.6099.110)
For documentation on this error, please visit: https://www.selenium.dev/documentation/webdriver/troubleshooting/errors#no-such-element-exception
Build info: version: '4.15.0', revision: '1d14b5521b'
System info: os.name: 'Windows 11', os.arch: 'amd64', os.version: '10.0', java.version: '17.0.8'
Driver info: org.openqa.selenium.chrome.ChromeDriver
Command: [7b40f689ee35364e049572687e119fba, findElement {using=xpath, value=//*[@class='oxd-autocomplete-wrapper']//*[contains(text(),'Goutam  Ganesh')]}]
Capabilities {acceptInsecureCerts: false, browserName: chrome, browserVersion: 120.0.6099.110, chrome: {chromedriverVersion: 120.0.6099.109 (3419140ab66..., userDataDir: C:\Users\mehul\AppData\Loca...}, fedcm:accounts: true, goog:chromeOptions: {debuggerAddress: localhost:51755}, networkConnectionEnabled: false, pageLoadStrategy: normal, platformName: windows, proxy: Proxy(), se:cdp: ws://localhost:51755/devtoo..., se:cdpVersion: 120.0.6099.110, setWindowRect: true, strictFileInteractability: false, timeouts: {implicit: 0, pageLoad: 300000, script: 30000}, unhandledPromptBehavior: dismiss and notify, webauthn:extension:credBlob: true, webauthn:extension:largeBlob: true, webauthn:extension:minPinLength: true, webauthn:extension:prf: true, webauthn:virtualAuthenticators: true}
Session ID: 7b40f689ee35364e049572687e119fba
	at java.base/jdk.internal.reflect.NativeConstructorAccessorImpl.newInstance0(Native Method)
	at java.base/jdk.internal.reflect.NativeConstructorAccessorImpl.newInstance(NativeConstructorAccessorImpl.java:77)
	at java.base/jdk.internal.reflect.DelegatingConstructorAccessorImpl.newInstance(DelegatingConstructorAccessorImpl.java:45)
	at java.base/java.lang.reflect.Constructor.newInstanceWithCaller(Constructor.java:499)
	at java.base/java.lang.reflect.Constructor.newInstance(Constructor.java:480)
	at org.openqa.selenium.remote.codec.w3c.W3CHttpResponseCodec.createException(W3CHttpResponseCodec.java:200)
	at org.openqa.selenium.remote.codec.w3c.W3CHttpResponseCodec.decode(W3CHttpResponseCodec.java:133)
	at org.openqa.selenium.remote.codec.w3c.W3CHttpResponseCodec.decode(W3CHttpResponseCodec.java:52)
	at org.openqa.selenium.remote.HttpCommandExecutor.execute(HttpCommandExecutor.java:191)
	at org.openqa.selenium.remote.service.DriverCommandExecutor.invokeExecute(DriverCommandExecutor.java:200)
	at org.openqa.selenium.remote.service.DriverCommandExecutor.execute(DriverCommandExecutor.java:175)
	at org.openqa.selenium.remote.RemoteWebDriver.execute(RemoteWebDriver.java:607)
	at org.openqa.selenium.remote.ElementLocation$ElementFinder$2.findElement(ElementLocation.java:165)
	at org.openqa.selenium.remote.ElementLocation.findElement(ElementLocation.java:59)
	at org.openqa.selenium.remote.RemoteWebDriver.findElement(RemoteWebDriver.java:364)
	at org.openqa.selenium.remote.RemoteWebDriver.findElement(RemoteWebDriver.java:358)
	at org.openqa.selenium.support.pagefactory.DefaultElementLocator.findElement(DefaultElementLocator.java:68)
	at org.openqa.selenium.support.pagefactory.internal.LocatingElementHandler.invoke(LocatingElementHandler.java:38)
	at jdk.proxy2/jdk.proxy2.$Proxy29.click(Unknown Source)
	at com.orangehrmlive.demo.logs.utility.Utility.clickOnElement(Utility.java:50)
	at com.orangehrmlive.demo.logs.pages.ViewSystemUsersPage.enterEmp(ViewSystemUsersPage.java:97)
	at com.orangehrmlive.demo.steps.runners.steps.UserTestSteps.iEnterEmployeeNameAnanyaDash(UserTestSteps.java:48)
	at ✽.I enter Employee Name Ananya Dash(file:///C:/Users/mehul/IdeaProjects/orange-hrm-cucumber/src/test/resources/features/usertest.feature:13)
</textarea>
      
      </div>
              </div>
              <div class="step skip-bg" title="com.orangehrmlive.demo.steps.runners.steps.UserTestSteps.iEnterUserName()">
                <span>And I enter User name</span>
      <div>Step skipped
      </div>
              </div>
              <div class="step skip-bg" title="com.orangehrmlive.demo.steps.runners.steps.UserTestSteps.iSelectStatusDisable()">
                <span>And I Select status Disable</span>
      <div>Step skipped
      </div>
              </div>
              <div class="step skip-bg" title="com.orangehrmlive.demo.steps.runners.steps.UserTestSteps.iEnterPassword()">
                <span>And I enter password</span>
      <div>Step skipped
      </div>
              </div>
              <div class="step skip-bg" title="com.orangehrmlive.demo.steps.runners.steps.UserTestSteps.iEnterConfirmPassword()">
                <span>And I enter Confirm Password</span>
      <div>Step skipped
      </div>
              </div>
              <div class="step skip-bg" title="com.orangehrmlive.demo.steps.runners.steps.UserTestSteps.iClickOnSaveButton()">
                <span>And I click On Save Button</span>
      <div>Step skipped
      </div>
              </div>
              <div class="step skip-bg" title="com.orangehrmlive.demo.steps.runners.steps.UserTestSteps.iVerifyMessageSuccessfullySaved()">
                <span>Then I verify message Successfully Saved</span>
      <div>Step skipped
      </div>
              </div>
              <div class="step fail-bg" title="AFTER">
                <span>com.orangehrmlive.demo.steps.runners.steps.Hooks.tearDown(io.cucumber.java.Scenario)</span>
      <div>
        <textarea disabled class="code-block">org.openqa.selenium.WebDriverException: unknown error: unhandled inspector error: {"code":-32000,"message":"Unable to capture screenshot"}
  (Session info: chrome=120.0.6099.110)
Build info: version: '4.15.0', revision: '1d14b5521b'
System info: os.name: 'Windows 11', os.arch: 'amd64', os.version: '10.0', java.version: '17.0.8'
Driver info: org.openqa.selenium.chrome.ChromeDriver
Command: [7b40f689ee35364e049572687e119fba, screenshot {}]
Capabilities {acceptInsecureCerts: false, browserName: chrome, browserVersion: 120.0.6099.110, chrome: {chromedriverVersion: 120.0.6099.109 (3419140ab66..., userDataDir: C:\Users\mehul\AppData\Loca...}, fedcm:accounts: true, goog:chromeOptions: {debuggerAddress: localhost:51755}, networkConnectionEnabled: false, pageLoadStrategy: normal, platformName: windows, proxy: Proxy(), se:cdp: ws://localhost:51755/devtoo..., se:cdpVersion: 120.0.6099.110, setWindowRect: true, strictFileInteractability: false, timeouts: {implicit: 0, pageLoad: 300000, script: 30000}, unhandledPromptBehavior: dismiss and notify, webauthn:extension:credBlob: true, webauthn:extension:largeBlob: true, webauthn:extension:minPinLength: true, webauthn:extension:prf: true, webauthn:virtualAuthenticators: true}
Session ID: 7b40f689ee35364e049572687e119fba
	at java.base/jdk.internal.reflect.NativeConstructorAccessorImpl.newInstance0(Native Method)
	at java.base/jdk.internal.reflect.NativeConstructorAccessorImpl.newInstance(NativeConstructorAccessorImpl.java:77)
	at java.base/jdk.internal.reflect.DelegatingConstructorAccessorImpl.newInstance(DelegatingConstructorAccessorImpl.java:45)
	at java.base/java.lang.reflect.Constructor.newInstanceWithCaller(Constructor.java:499)
	at java.base/java.lang.reflect.Constructor.newInstance(Constructor.java:480)
	at org.openqa.selenium.remote.codec.w3c.W3CHttpResponseCodec.createException(W3CHttpResponseCodec.java:200)
	at org.openqa.selenium.remote.codec.w3c.W3CHttpResponseCodec.decode(W3CHttpResponseCodec.java:133)
	at org.openqa.selenium.remote.codec.w3c.W3CHttpResponseCodec.decode(W3CHttpResponseCodec.java:52)
	at org.openqa.selenium.remote.HttpCommandExecutor.execute(HttpCommandExecutor.java:191)
	at org.openqa.selenium.remote.service.DriverCommandExecutor.invokeExecute(DriverCommandExecutor.java:200)
	at org.openqa.selenium.remote.service.DriverCommandExecutor.execute(DriverCommandExecutor.java:175)
	at org.openqa.selenium.remote.RemoteWebDriver.execute(RemoteWebDriver.java:607)
	at org.openqa.selenium.remote.RemoteWebDriver.execute(RemoteWebDriver.java:680)
	at org.openqa.selenium.remote.RemoteWebDriver.execute(RemoteWebDriver.java:684)
	at org.openqa.selenium.remote.RemoteWebDriver.getScreenshotAs(RemoteWebDriver.java:330)
	at com.orangehrmlive.demo.logs.utility.Utility.getScreenShot(Utility.java:351)
	at com.orangehrmlive.demo.steps.runners.steps.Hooks.tearDown(Hooks.java:19)
</textarea>
      
      </div>
              </div>
          </div>
        </div>
  </div>
  <div class="card">
    <div class="card-header" role="tab">
      <div class="card-title">
        <div class="node" id="36"><span class="badge log pass-bg mr-2">Pass</span>Admin should be able to search the user created and verify it.</div>
      </div>
    </div>
        <div class="collapse">
          <div class="card-body">
              <div class="step pass-bg" title="com.orangehrmlive.demo.steps.runners.steps.UserTestSteps.iAmOnHomePageLoginToTheApplication()">
                <span>Given I am on HomePage & Login to the application</span>
      <div>
      </div>
              </div>
              <div class="step pass-bg" title="com.orangehrmlive.demo.steps.runners.steps.UserTestSteps.iClickOnAdminTab()">
                <span>When I click On Admin Tab</span>
      <div>
      </div>
              </div>
              <div class="step pass-bg" title="com.orangehrmlive.demo.steps.runners.steps.UserTestSteps.iVerifySystemUsersText()">
                <span>Then I Verify System Users Text</span>
      <div>
      </div>
              </div>
              <div class="step pass-bg" title="com.orangehrmlive.demo.steps.runners.steps.UserTestSteps.iEnterUsername()">
                <span>When I Enter username</span>
      <div>
      </div>
              </div>
              <div class="step pass-bg" title="com.orangehrmlive.demo.steps.runners.steps.UserTestSteps.iSelectUserRole()">
                <span>And I Select user role</span>
      <div>
      </div>
              </div>
              <div class="step pass-bg" title="com.orangehrmlive.demo.steps.runners.steps.UserTestSteps.iSelectStatus()">
                <span>And I select status</span>
      <div>
      </div>
              </div>
              <div class="step pass-bg" title="com.orangehrmlive.demo.steps.runners.steps.UserTestSteps.iClickOnSearch()">
                <span>And I click on search</span>
      <div>
      </div>
              </div>
              <div class="step pass-bg" title="com.orangehrmlive.demo.steps.runners.steps.UserTestSteps.iShouldSeeTheUserInTheList()">
                <span>Then I should see the user in the list</span>
      <div>
      </div>
              </div>
          </div>
        </div>
  </div>
  <div class="card">
    <div class="card-header" role="tab">
      <div class="card-title">
        <div class="node" id="47"><span class="badge log fail-bg mr-2">Fail</span>Admin should be able to delete the user record.</div>
      </div>
    </div>
        <div class="">
          <div class="card-body">
              <div class="step pass-bg" title="com.orangehrmlive.demo.steps.runners.steps.UserTestSteps.iAmOnHomePageLoginToTheApplication()">
                <span>Given I am on HomePage & Login to the application</span>
      <div>
      </div>
              </div>
              <div class="step pass-bg" title="com.orangehrmlive.demo.steps.runners.steps.UserTestSteps.iClickOnAdminTab()">
                <span>When I click On Admin Tab</span>
      <div>
      </div>
              </div>
              <div class="step pass-bg" title="com.orangehrmlive.demo.steps.runners.steps.UserTestSteps.iVerifySystemUsersText()">
                <span>Then I Verify System Users Text</span>
      <div>
      </div>
              </div>
              <div class="step pass-bg" title="com.orangehrmlive.demo.steps.runners.steps.UserTestSteps.iClickOnAddButton()">
                <span>When I click On Add button</span>
      <div>
      </div>
              </div>
              <div class="step pass-bg" title="com.orangehrmlive.demo.steps.runners.steps.UserTestSteps.iVerifyAddUserText()">
                <span>Then I Verify Add User Text</span>
      <div>
      </div>
              </div>
              <div class="step pass-bg" title="com.orangehrmlive.demo.steps.runners.steps.UserTestSteps.iSelectUserRoleAdmin()">
                <span>When I Select User Role Admin</span>
      <div>
      </div>
              </div>
              <div class="step fail-bg" title="com.orangehrmlive.demo.steps.runners.steps.UserTestSteps.iEnterEmployeeNameAnanyaDash()">
                <span>And I enter Employee Name Ananya Dash</span>
      <div>
        <textarea disabled class="code-block">org.openqa.selenium.NoSuchWindowException: no such window: target window already closed
from unknown error: web view not found
  (Session info: chrome=120.0.6099.110)
Build info: version: '4.15.0', revision: '1d14b5521b'
System info: os.name: 'Windows 11', os.arch: 'amd64', os.version: '10.0', java.version: '17.0.8'
Driver info: org.openqa.selenium.chrome.ChromeDriver
Command: [c208e429940704ddf522549ee92b5003, findElement {using=xpath, value=//input[@placeholder='Type for hints...']}]
Capabilities {acceptInsecureCerts: false, browserName: chrome, browserVersion: 120.0.6099.110, chrome: {chromedriverVersion: 120.0.6099.109 (3419140ab66..., userDataDir: C:\Users\mehul\AppData\Loca...}, fedcm:accounts: true, goog:chromeOptions: {debuggerAddress: localhost:51827}, networkConnectionEnabled: false, pageLoadStrategy: normal, platformName: windows, proxy: Proxy(), se:cdp: ws://localhost:51827/devtoo..., se:cdpVersion: 120.0.6099.110, setWindowRect: true, strictFileInteractability: false, timeouts: {implicit: 0, pageLoad: 300000, script: 30000}, unhandledPromptBehavior: dismiss and notify, webauthn:extension:credBlob: true, webauthn:extension:largeBlob: true, webauthn:extension:minPinLength: true, webauthn:extension:prf: true, webauthn:virtualAuthenticators: true}
Session ID: c208e429940704ddf522549ee92b5003
	at java.base/jdk.internal.reflect.NativeConstructorAccessorImpl.newInstance0(Native Method)
	at java.base/jdk.internal.reflect.NativeConstructorAccessorImpl.newInstance(NativeConstructorAccessorImpl.java:77)
	at java.base/jdk.internal.reflect.DelegatingConstructorAccessorImpl.newInstance(DelegatingConstructorAccessorImpl.java:45)
	at java.base/java.lang.reflect.Constructor.newInstanceWithCaller(Constructor.java:499)
	at java.base/java.lang.reflect.Constructor.newInstance(Constructor.java:480)
	at org.openqa.selenium.remote.codec.w3c.W3CHttpResponseCodec.createException(W3CHttpResponseCodec.java:200)
	at org.openqa.selenium.remote.codec.w3c.W3CHttpResponseCodec.decode(W3CHttpResponseCodec.java:133)
	at org.openqa.selenium.remote.codec.w3c.W3CHttpResponseCodec.decode(W3CHttpResponseCodec.java:52)
	at org.openqa.selenium.remote.HttpCommandExecutor.execute(HttpCommandExecutor.java:191)
	at org.openqa.selenium.remote.service.DriverCommandExecutor.invokeExecute(DriverCommandExecutor.java:200)
	at org.openqa.selenium.remote.service.DriverCommandExecutor.execute(DriverCommandExecutor.java:175)
	at org.openqa.selenium.remote.RemoteWebDriver.execute(RemoteWebDriver.java:607)
	at org.openqa.selenium.remote.ElementLocation$ElementFinder$2.findElement(ElementLocation.java:165)
	at org.openqa.selenium.remote.ElementLocation.findElement(ElementLocation.java:59)
	at org.openqa.selenium.remote.RemoteWebDriver.findElement(RemoteWebDriver.java:364)
	at org.openqa.selenium.remote.RemoteWebDriver.findElement(RemoteWebDriver.java:358)
	at org.openqa.selenium.support.pagefactory.DefaultElementLocator.findElement(DefaultElementLocator.java:68)
	at org.openqa.selenium.support.pagefactory.internal.LocatingElementHandler.invoke(LocatingElementHandler.java:38)
	at jdk.proxy2/jdk.proxy2.$Proxy29.sendKeys(Unknown Source)
	at com.orangehrmlive.demo.logs.utility.Utility.sendTextToElement(Utility.java:72)
	at com.orangehrmlive.demo.logs.pages.ViewSystemUsersPage.enterEmp(ViewSystemUsersPage.java:95)
	at com.orangehrmlive.demo.steps.runners.steps.UserTestSteps.iEnterEmployeeNameAnanyaDash(UserTestSteps.java:48)
	at ✽.I enter Employee Name Ananya Dash(file:///C:/Users/mehul/IdeaProjects/orange-hrm-cucumber/src/test/resources/features/usertest.feature:39)
</textarea>
      
      </div>
              </div>
              <div class="step skip-bg" title="com.orangehrmlive.demo.steps.runners.steps.UserTestSteps.iEnterUserName()">
                <span>And I enter User name</span>
      <div>Step skipped
      </div>
              </div>
              <div class="step skip-bg" title="com.orangehrmlive.demo.steps.runners.steps.UserTestSteps.iSelectStatusEnable()">
                <span>And I select status enable</span>
      <div>Step skipped
      </div>
              </div>
              <div class="step skip-bg" title="com.orangehrmlive.demo.steps.runners.steps.UserTestSteps.iEnterPassword()">
                <span>And I enter password</span>
      <div>Step skipped
      </div>
              </div>
              <div class="step skip-bg" title="com.orangehrmlive.demo.steps.runners.steps.UserTestSteps.iEnterConfirmPassword()">
                <span>And I enter Confirm Password</span>
      <div>Step skipped
      </div>
              </div>
              <div class="step skip-bg" title="com.orangehrmlive.demo.steps.runners.steps.UserTestSteps.iClickOnSaveButton()">
                <span>And I click On Save Button</span>
      <div>Step skipped
      </div>
              </div>
              <div class="step skip-bg" title="com.orangehrmlive.demo.steps.runners.steps.UserTestSteps.iSearchForUser()">
                <span>And I search for user</span>
      <div>Step skipped
      </div>
              </div>
              <div class="step skip-bg" title="com.orangehrmlive.demo.steps.runners.steps.UserTestSteps.iSelectUserRole2()">
                <span>And I select user role</span>
      <div>Step skipped
      </div>
              </div>
              <div class="step skip-bg" title="com.orangehrmlive.demo.steps.runners.steps.UserTestSteps.iSelectTheStatus()">
                <span>And I select the status</span>
      <div>Step skipped
      </div>
              </div>
              <div class="step skip-bg" title="com.orangehrmlive.demo.steps.runners.steps.UserTestSteps.iClickOnSearch2()">
                <span>And I click on Search</span>
      <div>Step skipped
      </div>
              </div>
              <div class="step skip-bg" title="com.orangehrmlive.demo.steps.runners.steps.UserTestSteps.iClickOnCheckBox()">
                <span>And I click on check box</span>
      <div>Step skipped
      </div>
              </div>
              <div class="step skip-bg" title="com.orangehrmlive.demo.steps.runners.steps.UserTestSteps.iClickDelete()">
                <span>And I click delete</span>
      <div>Step skipped
      </div>
              </div>
              <div class="step skip-bg" title="com.orangehrmlive.demo.steps.runners.steps.UserTestSteps.iClickOkOnPopUp()">
                <span>And I click ok on pop up</span>
      <div>Step skipped
      </div>
              </div>
              <div class="step skip-bg" title="com.orangehrmlive.demo.steps.runners.steps.UserTestSteps.iShouldSeeMessageSuccessfullyDeleted()">
                <span>Then I should see message Successfully Deleted</span>
      <div>Step skipped
      </div>
              </div>
              <div class="step fail-bg" title="AFTER">
                <span>com.orangehrmlive.demo.steps.runners.steps.Hooks.tearDown(io.cucumber.java.Scenario)</span>
      <div>
        <textarea disabled class="code-block">org.openqa.selenium.NoSuchWindowException: no such window: target window already closed
from unknown error: web view not found
  (Session info: chrome=120.0.6099.110)
Build info: version: '4.15.0', revision: '1d14b5521b'
System info: os.name: 'Windows 11', os.arch: 'amd64', os.version: '10.0', java.version: '17.0.8'
Driver info: org.openqa.selenium.chrome.ChromeDriver
Command: [c208e429940704ddf522549ee92b5003, screenshot {}]
Capabilities {acceptInsecureCerts: false, browserName: chrome, browserVersion: 120.0.6099.110, chrome: {chromedriverVersion: 120.0.6099.109 (3419140ab66..., userDataDir: C:\Users\mehul\AppData\Loca...}, fedcm:accounts: true, goog:chromeOptions: {debuggerAddress: localhost:51827}, networkConnectionEnabled: false, pageLoadStrategy: normal, platformName: windows, proxy: Proxy(), se:cdp: ws://localhost:51827/devtoo..., se:cdpVersion: 120.0.6099.110, setWindowRect: true, strictFileInteractability: false, timeouts: {implicit: 0, pageLoad: 300000, script: 30000}, unhandledPromptBehavior: dismiss and notify, webauthn:extension:credBlob: true, webauthn:extension:largeBlob: true, webauthn:extension:minPinLength: true, webauthn:extension:prf: true, webauthn:virtualAuthenticators: true}
Session ID: c208e429940704ddf522549ee92b5003
	at java.base/jdk.internal.reflect.NativeConstructorAccessorImpl.newInstance0(Native Method)
	at java.base/jdk.internal.reflect.NativeConstructorAccessorImpl.newInstance(NativeConstructorAccessorImpl.java:77)
	at java.base/jdk.internal.reflect.DelegatingConstructorAccessorImpl.newInstance(DelegatingConstructorAccessorImpl.java:45)
	at java.base/java.lang.reflect.Constructor.newInstanceWithCaller(Constructor.java:499)
	at java.base/java.lang.reflect.Constructor.newInstance(Constructor.java:480)
	at org.openqa.selenium.remote.codec.w3c.W3CHttpResponseCodec.createException(W3CHttpResponseCodec.java:200)
	at org.openqa.selenium.remote.codec.w3c.W3CHttpResponseCodec.decode(W3CHttpResponseCodec.java:133)
	at org.openqa.selenium.remote.codec.w3c.W3CHttpResponseCodec.decode(W3CHttpResponseCodec.java:52)
	at org.openqa.selenium.remote.HttpCommandExecutor.execute(HttpCommandExecutor.java:191)
	at org.openqa.selenium.remote.service.DriverCommandExecutor.invokeExecute(DriverCommandExecutor.java:200)
	at org.openqa.selenium.remote.service.DriverCommandExecutor.execute(DriverCommandExecutor.java:175)
	at org.openqa.selenium.remote.RemoteWebDriver.execute(RemoteWebDriver.java:607)
	at org.openqa.selenium.remote.RemoteWebDriver.execute(RemoteWebDriver.java:680)
	at org.openqa.selenium.remote.RemoteWebDriver.execute(RemoteWebDriver.java:684)
	at org.openqa.selenium.remote.RemoteWebDriver.getScreenshotAs(RemoteWebDriver.java:330)
	at com.orangehrmlive.demo.logs.utility.Utility.getScreenShot(Utility.java:351)
	at com.orangehrmlive.demo.steps.runners.steps.Hooks.tearDown(Hooks.java:19)
</textarea>
      
      </div>
              </div>
          </div>
        </div>
  </div>
  <div class="card">
    <div class="card-header" role="tab">
      <div class="card-title">
        <div class="node" id="70"><span class="badge log fail-bg mr-2">Fail</span>I want to search for deleted record to ensure it is not found.</div>
      </div>
    </div>
        <div class="">
          <div class="card-body">
              <div class="step pass-bg" title="com.orangehrmlive.demo.steps.runners.steps.UserTestSteps.iAmOnHomePageLoginToTheApplication()">
                <span>Given I am on HomePage & Login to the application</span>
      <div>
      </div>
              </div>
              <div class="step fail-bg" title="com.orangehrmlive.demo.steps.runners.steps.UserTestSteps.iClickOnAdminTab()">
                <span>When I click On Admin Tab</span>
      <div>
        <textarea disabled class="code-block">org.openqa.selenium.NoSuchWindowException: no such window: target window already closed
from unknown error: web view not found
  (Session info: chrome=120.0.6099.110)
Build info: version: '4.15.0', revision: '1d14b5521b'
System info: os.name: 'Windows 11', os.arch: 'amd64', os.version: '10.0', java.version: '17.0.8'
Driver info: org.openqa.selenium.chrome.ChromeDriver
Command: [7be55b6db970af799dd9f7e76e8001be, findElement {using=xpath, value=//a[@href='/web/index.php/admin/viewAdminModule']}]
Capabilities {acceptInsecureCerts: false, browserName: chrome, browserVersion: 120.0.6099.110, chrome: {chromedriverVersion: 120.0.6099.109 (3419140ab66..., userDataDir: C:\Users\mehul\AppData\Loca...}, fedcm:accounts: true, goog:chromeOptions: {debuggerAddress: localhost:51852}, networkConnectionEnabled: false, pageLoadStrategy: normal, platformName: windows, proxy: Proxy(), se:cdp: ws://localhost:51852/devtoo..., se:cdpVersion: 120.0.6099.110, setWindowRect: true, strictFileInteractability: false, timeouts: {implicit: 0, pageLoad: 300000, script: 30000}, unhandledPromptBehavior: dismiss and notify, webauthn:extension:credBlob: true, webauthn:extension:largeBlob: true, webauthn:extension:minPinLength: true, webauthn:extension:prf: true, webauthn:virtualAuthenticators: true}
Session ID: 7be55b6db970af799dd9f7e76e8001be
	at java.base/jdk.internal.reflect.NativeConstructorAccessorImpl.newInstance0(Native Method)
	at java.base/jdk.internal.reflect.NativeConstructorAccessorImpl.newInstance(NativeConstructorAccessorImpl.java:77)
	at java.base/jdk.internal.reflect.DelegatingConstructorAccessorImpl.newInstance(DelegatingConstructorAccessorImpl.java:45)
	at java.base/java.lang.reflect.Constructor.newInstanceWithCaller(Constructor.java:499)
	at java.base/java.lang.reflect.Constructor.newInstance(Constructor.java:480)
	at org.openqa.selenium.remote.codec.w3c.W3CHttpResponseCodec.createException(W3CHttpResponseCodec.java:200)
	at org.openqa.selenium.remote.codec.w3c.W3CHttpResponseCodec.decode(W3CHttpResponseCodec.java:133)
	at org.openqa.selenium.remote.codec.w3c.W3CHttpResponseCodec.decode(W3CHttpResponseCodec.java:52)
	at org.openqa.selenium.remote.HttpCommandExecutor.execute(HttpCommandExecutor.java:191)
	at org.openqa.selenium.remote.service.DriverCommandExecutor.invokeExecute(DriverCommandExecutor.java:200)
	at org.openqa.selenium.remote.service.DriverCommandExecutor.execute(DriverCommandExecutor.java:175)
	at org.openqa.selenium.remote.RemoteWebDriver.execute(RemoteWebDriver.java:607)
	at org.openqa.selenium.remote.ElementLocation$ElementFinder$2.findElement(ElementLocation.java:165)
	at org.openqa.selenium.remote.ElementLocation.findElement(ElementLocation.java:59)
	at org.openqa.selenium.remote.RemoteWebDriver.findElement(RemoteWebDriver.java:364)
	at org.openqa.selenium.remote.RemoteWebDriver.findElement(RemoteWebDriver.java:358)
	at org.openqa.selenium.support.pagefactory.DefaultElementLocator.findElement(DefaultElementLocator.java:68)
	at org.openqa.selenium.support.pagefactory.internal.LocatingElementHandler.invoke(LocatingElementHandler.java:38)
	at jdk.proxy2/jdk.proxy2.$Proxy29.click(Unknown Source)
	at com.orangehrmlive.demo.logs.utility.Utility.clickOnElement(Utility.java:50)
	at com.orangehrmlive.demo.logs.pages.ViewSystemUsersPage.clickAdminLink(ViewSystemUsersPage.java:67)
	at com.orangehrmlive.demo.steps.runners.steps.UserTestSteps.iClickOnAdminTab(UserTestSteps.java:21)
	at ✽.I click On Admin Tab(file:///C:/Users/mehul/IdeaProjects/orange-hrm-cucumber/src/test/resources/features/usertest.feature:56)
</textarea>
      
      </div>
              </div>
              <div class="step skip-bg" title="com.orangehrmlive.demo.steps.runners.steps.UserTestSteps.iVerifySystemUsersText()">
                <span>Then I Verify System Users Text</span>
      <div>Step skipped
      </div>
              </div>
              <div class="step skip-bg" title="com.orangehrmlive.demo.steps.runners.steps.UserTestSteps.iSearchForUser()">
                <span>When I search for user</span>
      <div>Step skipped
      </div>
              </div>
              <div class="step skip-bg" title="com.orangehrmlive.demo.steps.runners.steps.UserTestSteps.iSelectUserRole2()">
                <span>And I select user role</span>
      <div>Step skipped
      </div>
              </div>
              <div class="step skip-bg" title="com.orangehrmlive.demo.steps.runners.steps.UserTestSteps.iSelectItsStatus()">
                <span>And I select its status</span>
      <div>Step skipped
      </div>
              </div>
              <div class="step skip-bg" title="com.orangehrmlive.demo.steps.runners.steps.UserTestSteps.iClickSearch()">
                <span>And I click search</span>
      <div>Step skipped
      </div>
              </div>
              <div class="step skip-bg" title="com.orangehrmlive.demo.steps.runners.steps.UserTestSteps.iSeeMessageNoRecordFound()">
                <span>Then I see message No Record Found</span>
      <div>Step skipped
      </div>
              </div>
              <div class="step fail-bg" title="AFTER">
                <span>com.orangehrmlive.demo.steps.runners.steps.Hooks.tearDown(io.cucumber.java.Scenario)</span>
      <div>
        <textarea disabled class="code-block">org.openqa.selenium.NoSuchWindowException: no such window: target window already closed
from unknown error: web view not found
  (Session info: chrome=120.0.6099.110)
Build info: version: '4.15.0', revision: '1d14b5521b'
System info: os.name: 'Windows 11', os.arch: 'amd64', os.version: '10.0', java.version: '17.0.8'
Driver info: org.openqa.selenium.chrome.ChromeDriver
Command: [7be55b6db970af799dd9f7e76e8001be, screenshot {}]
Capabilities {acceptInsecureCerts: false, browserName: chrome, browserVersion: 120.0.6099.110, chrome: {chromedriverVersion: 120.0.6099.109 (3419140ab66..., userDataDir: C:\Users\mehul\AppData\Loca...}, fedcm:accounts: true, goog:chromeOptions: {debuggerAddress: localhost:51852}, networkConnectionEnabled: false, pageLoadStrategy: normal, platformName: windows, proxy: Proxy(), se:cdp: ws://localhost:51852/devtoo..., se:cdpVersion: 120.0.6099.110, setWindowRect: true, strictFileInteractability: false, timeouts: {implicit: 0, pageLoad: 300000, script: 30000}, unhandledPromptBehavior: dismiss and notify, webauthn:extension:credBlob: true, webauthn:extension:largeBlob: true, webauthn:extension:minPinLength: true, webauthn:extension:prf: true, webauthn:virtualAuthenticators: true}
Session ID: 7be55b6db970af799dd9f7e76e8001be
	at java.base/jdk.internal.reflect.NativeConstructorAccessorImpl.newInstance0(Native Method)
	at java.base/jdk.internal.reflect.NativeConstructorAccessorImpl.newInstance(NativeConstructorAccessorImpl.java:77)
	at java.base/jdk.internal.reflect.DelegatingConstructorAccessorImpl.newInstance(DelegatingConstructorAccessorImpl.java:45)
	at java.base/java.lang.reflect.Constructor.newInstanceWithCaller(Constructor.java:499)
	at java.base/java.lang.reflect.Constructor.newInstance(Constructor.java:480)
	at org.openqa.selenium.remote.codec.w3c.W3CHttpResponseCodec.createException(W3CHttpResponseCodec.java:200)
	at org.openqa.selenium.remote.codec.w3c.W3CHttpResponseCodec.decode(W3CHttpResponseCodec.java:133)
	at org.openqa.selenium.remote.codec.w3c.W3CHttpResponseCodec.decode(W3CHttpResponseCodec.java:52)
	at org.openqa.selenium.remote.HttpCommandExecutor.execute(HttpCommandExecutor.java:191)
	at org.openqa.selenium.remote.service.DriverCommandExecutor.invokeExecute(DriverCommandExecutor.java:200)
	at org.openqa.selenium.remote.service.DriverCommandExecutor.execute(DriverCommandExecutor.java:175)
	at org.openqa.selenium.remote.RemoteWebDriver.execute(RemoteWebDriver.java:607)
	at org.openqa.selenium.remote.RemoteWebDriver.execute(RemoteWebDriver.java:680)
	at org.openqa.selenium.remote.RemoteWebDriver.execute(RemoteWebDriver.java:684)
	at org.openqa.selenium.remote.RemoteWebDriver.getScreenshotAs(RemoteWebDriver.java:330)
	at com.orangehrmlive.demo.logs.utility.Utility.getScreenShot(Utility.java:351)
	at com.orangehrmlive.demo.steps.runners.steps.Hooks.tearDown(Hooks.java:19)
</textarea>
      
      </div>
              </div>
          </div>
        </div>
  </div>
</div>
          </div>
        </li>
      </ul>
    </div>
  </div>
<div class="test-content scrollable">
<div class="test-content-tools">
<ul><li><a class="back-to-test" href="#"><i class="fa fa-arrow-left"></i></a></li></ul>
</div>
<div class="test-content-detail"><div class="detail-body"></div></div>
</div></div>
<div class="test-wrapper row view category-view attributes-view">
<div class="test-list">
<div class="test-list-tools">
<ul class="tools pull-left"><li><a href=""><span class="font-size-14">Category</span></a></li></ul>
<ul class="tools text-right"><li><a href="#"><span class="badge badge-primary">3</span></a></li></ul>
</div>
<div class="test-list-wrapper scrollable">
<ul class="test-list-item">
<li class="test-item">
<div class="test-detail">
<span class="meta">
<span class='badge log pass-bg'>2</span>
</span>
<p class="name">@smoke</p>
<p class="duration text-sm">2 tests</p>
</div>
<div class="test-contents d-none">
<div class="info">
<h4>@smoke</h4>
<span status="pass" class='badge log pass-bg'>2 passed</span>
</div>
<table class='table table-sm mt-4'>
<thead>
<tr>
<th class="status-col">Status</th>
<th class="timestamp-col">Timestamp</th>
<th>TestName</th>
</tr>
</thead>
<tbody>
<tr class="tag-test-status" status="pass">
<td><span class="badge log pass-bg">Pass</span></td>
<td>23:30:45 pm</td>
<td>
<a href="#" class="linked" test-id='1' id='7'>I should see Logo</a>
<div class="">
<span class="badge badge-default">As a user I want to verify different login functions..I should see Logo</span>
</div>
</td>
</tr>
<tr class="tag-test-status" status="pass">
<td><span class="badge log pass-bg">Pass</span></td>
<td>23:32:10 pm</td>
<td>
<a href="#" class="linked" test-id='19' id='36'>Admin should be able to search the user created and verify it.</a>
<div class="">
<span class="badge badge-default">As a user I want to verify admin can execute different actions on users..Admin should be able to search the user created and verify it.</span>
</div>
</td>
</tr>
</tbody>
</table>
</div>
</li>
<li class="test-item">
<div class="test-detail">
<span class="meta">
<span class='badge log pass-bg'>4</span>
<span class='badge log badge-danger'>3</span>
</span>
<p class="name">@regression</p>
<p class="duration text-sm">7 tests</p>
</div>
<div class="test-contents d-none">
<div class="info">
<h4>@regression</h4>
<span status="pass" class='badge log pass-bg'>4 passed</span>
<span status="fail" class='badge log badge-danger'>3 failed</span>
</div>
<table class='table table-sm mt-4'>
<thead>
<tr>
<th class="status-col">Status</th>
<th class="timestamp-col">Timestamp</th>
<th>TestName</th>
</tr>
</thead>
<tbody>
<tr class="tag-test-status" status="pass">
<td><span class="badge log pass-bg">Pass</span></td>
<td>23:30:38 pm</td>
<td>
<a href="#" class="linked" test-id='1' id='2'>I should login successfully</a>
<div class="">
<span class="badge badge-default">As a user I want to verify different login functions..I should login successfully</span>
</div>
</td>
</tr>
<tr class="tag-test-status" status="pass">
<td><span class="badge log pass-bg">Pass</span></td>
<td>23:30:45 pm</td>
<td>
<a href="#" class="linked" test-id='1' id='7'>I should see Logo</a>
<div class="">
<span class="badge badge-default">As a user I want to verify different login functions..I should see Logo</span>
</div>
</td>
</tr>
<tr class="tag-test-status" status="pass">
<td><span class="badge log pass-bg">Pass</span></td>
<td>23:30:50 pm</td>
<td>
<a href="#" class="linked" test-id='1' id='12'>I should log out successfully</a>
<div class="">
<span class="badge badge-default">As a user I want to verify different login functions..I should log out successfully</span>
</div>
</td>
</tr>
<tr class="tag-test-status" status="fail">
<td><span class="badge log fail-bg">Fail</span></td>
<td>23:30:57 pm</td>
<td>
<a href="#" class="linked" test-id='19' id='20'>Admin should be able to add users</a>
<div class="">
<span class="badge badge-default">As a user I want to verify admin can execute different actions on users..Admin should be able to add users</span>
</div>
</td>
</tr>
<tr class="tag-test-status" status="pass">
<td><span class="badge log pass-bg">Pass</span></td>
<td>23:32:10 pm</td>
<td>
<a href="#" class="linked" test-id='19' id='36'>Admin should be able to search the user created and verify it.</a>
<div class="">
<span class="badge badge-default">As a user I want to verify admin can execute different actions on users..Admin should be able to search the user created and verify it.</span>
</div>
</td>
</tr>
<tr class="tag-test-status" status="fail">
<td><span class="badge log fail-bg">Fail</span></td>
<td>23:32:41 pm</td>
<td>
<a href="#" class="linked" test-id='19' id='47'>Admin should be able to delete the user record.</a>
<div class="">
<span class="badge badge-default">As a user I want to verify admin can execute different actions on users..Admin should be able to delete the user record.</span>
</div>
</td>
</tr>
<tr class="tag-test-status" status="fail">
<td><span class="badge log fail-bg">Fail</span></td>
<td>23:33:26 pm</td>
<td>
<a href="#" class="linked" test-id='19' id='70'>I want to search for deleted record to ensure it is not found.</a>
<div class="">
<span class="badge badge-default">As a user I want to verify admin can execute different actions on users..I want to search for deleted record to ensure it is not found.</span>
</div>
</td>
</tr>
</tbody>
</table>
</div>
</li>
<li class="test-item">
<div class="test-detail">
<span class="meta">
<span class='badge log pass-bg'>1</span>
<span class='badge log badge-danger'>1</span>
</span>
<p class="name">@sanity</p>
<p class="duration text-sm">2 tests</p>
</div>
<div class="test-contents d-none">
<div class="info">
<h4>@sanity</h4>
<span status="pass" class='badge log pass-bg'>1 passed</span>
<span status="fail" class='badge log badge-danger'>1 failed</span>
</div>
<table class='table table-sm mt-4'>
<thead>
<tr>
<th class="status-col">Status</th>
<th class="timestamp-col">Timestamp</th>
<th>TestName</th>
</tr>
</thead>
<tbody>
<tr class="tag-test-status" status="pass">
<td><span class="badge log pass-bg">Pass</span></td>
<td>23:30:38 pm</td>
<td>
<a href="#" class="linked" test-id='1' id='2'>I should login successfully</a>
<div class="">
<span class="badge badge-default">As a user I want to verify different login functions..I should login successfully</span>
</div>
</td>
</tr>
<tr class="tag-test-status" status="fail">
<td><span class="badge log fail-bg">Fail</span></td>
<td>23:30:57 pm</td>
<td>
<a href="#" class="linked" test-id='19' id='20'>Admin should be able to add users</a>
<div class="">
<span class="badge badge-default">As a user I want to verify admin can execute different actions on users..Admin should be able to add users</span>
</div>
</td>
</tr>
</tbody>
</table>
</div>
</li>
</ul>
</div>
</div>
<div class="test-content scrollable">
<div class="test-content-detail">
<div class="detail-body"></div>
</div>
</div>
</div><div class="test-wrapper row view exception-view attributes-view">
<div class="test-list">
<div class="test-list-tools">
<ul class="tools pull-left"><li><a href=""><span class="font-size-14">Exception</span></a></li></ul>
<ul class="tools text-right"><li><a href="#"><span class="badge badge-primary">3</span></a></li></ul>
</div>
<div class="test-list-wrapper scrollable">
<ul class="test-list-item">
<li class="test-item">
<div class="test-detail">
<span class="meta">
<span class='badge log badge-danger'>1</span>
</span>
<p class="name">org.openqa.selenium.WebDriverException</p>
<p class="duration text-sm">1 tests</p>
</div>
<div class="test-contents d-none">
<div class="info">
<h4>org.openqa.selenium.WebDriverException</h4>
<span status="fail" class='badge log badge-danger'>1 failed</span>
</div>
<table class='table table-sm mt-4'>
<thead>
<tr>
<th class="status-col">Status</th>
<th class="timestamp-col">Timestamp</th>
<th>TestName</th>
</tr>
</thead>
<tbody>
<tr class="tag-test-status" status="fail">
<td><span class="badge log fail-bg">Fail</span></td>
<td>23:32:10 pm</td>
<td>
<a href="#" class="linked" test-id='19' id='35'>com.orangehrmlive.demo.steps.runners.steps.Hooks.tearDown(io.cucumber.java.Scenario)</a>
<div class="">
<span class="badge badge-default">As a user I want to verify admin can execute different actions on users..Admin should be able to add users.com.orangehrmlive.demo.steps.runners.steps.Hooks.tearDown(io.cucumber.java.Scenario)</span>
</div>
</td>
</tr>
</tbody>
</table>
</div>
</li>
<li class="test-item">
<div class="test-detail">
<span class="meta">
<span class='badge log badge-danger'>4</span>
</span>
<p class="name">org.openqa.selenium.NoSuchWindowException</p>
<p class="duration text-sm">4 tests</p>
</div>
<div class="test-contents d-none">
<div class="info">
<h4>org.openqa.selenium.NoSuchWindowException</h4>
<span status="fail" class='badge log badge-danger'>4 failed</span>
</div>
<table class='table table-sm mt-4'>
<thead>
<tr>
<th class="status-col">Status</th>
<th class="timestamp-col">Timestamp</th>
<th>TestName</th>
</tr>
</thead>
<tbody>
<tr class="tag-test-status" status="fail">
<td><span class="badge log fail-bg">Fail</span></td>
<td>23:33:10 pm</td>
<td>
<a href="#" class="linked" test-id='19' id='55'>And I enter Employee Name Ananya Dash</a>
<div class="">
<span class="badge badge-default">As a user I want to verify admin can execute different actions on users..Admin should be able to delete the user record..And I enter Employee Name Ananya Dash</span>
</div>
</td>
</tr>
<tr class="tag-test-status" status="fail">
<td><span class="badge log fail-bg">Fail</span></td>
<td>23:33:26 pm</td>
<td>
<a href="#" class="linked" test-id='19' id='69'>com.orangehrmlive.demo.steps.runners.steps.Hooks.tearDown(io.cucumber.java.Scenario)</a>
<div class="">
<span class="badge badge-default">As a user I want to verify admin can execute different actions on users..Admin should be able to delete the user record..com.orangehrmlive.demo.steps.runners.steps.Hooks.tearDown(io.cucumber.java.Scenario)</span>
</div>
</td>
</tr>
<tr class="tag-test-status" status="fail">
<td><span class="badge log fail-bg">Fail</span></td>
<td>23:33:30 pm</td>
<td>
<a href="#" class="linked" test-id='19' id='73'>When I click On Admin Tab</a>
<div class="">
<span class="badge badge-default">As a user I want to verify admin can execute different actions on users..I want to search for deleted record to ensure it is not found..When I click On Admin Tab</span>
</div>
</td>
</tr>
<tr class="tag-test-status" status="fail">
<td><span class="badge log fail-bg">Fail</span></td>
<td>23:33:30 pm</td>
<td>
<a href="#" class="linked" test-id='19' id='80'>com.orangehrmlive.demo.steps.runners.steps.Hooks.tearDown(io.cucumber.java.Scenario)</a>
<div class="">
<span class="badge badge-default">As a user I want to verify admin can execute different actions on users..I want to search for deleted record to ensure it is not found..com.orangehrmlive.demo.steps.runners.steps.Hooks.tearDown(io.cucumber.java.Scenario)</span>
</div>
</td>
</tr>
</tbody>
</table>
</div>
</li>
<li class="test-item">
<div class="test-detail">
<span class="meta">
<span class='badge log badge-danger'>1</span>
</span>
<p class="name">org.openqa.selenium.NoSuchElementException</p>
<p class="duration text-sm">1 tests</p>
</div>
<div class="test-contents d-none">
<div class="info">
<h4>org.openqa.selenium.NoSuchElementException</h4>
<span status="fail" class='badge log badge-danger'>1 failed</span>
</div>
<table class='table table-sm mt-4'>
<thead>
<tr>
<th class="status-col">Status</th>
<th class="timestamp-col">Timestamp</th>
<th>TestName</th>
</tr>
</thead>
<tbody>
<tr class="tag-test-status" status="fail">
<td><span class="badge log fail-bg">Fail</span></td>
<td>23:31:28 pm</td>
<td>
<a href="#" class="linked" test-id='19' id='28'>And I enter Employee Name Ananya Dash</a>
<div class="">
<span class="badge badge-default">As a user I want to verify admin can execute different actions on users..Admin should be able to add users.And I enter Employee Name Ananya Dash</span>
</div>
</td>
</tr>
</tbody>
</table>
</div>
</li>
</ul>
</div>
</div>
<div class="test-content scrollable">
<div class="test-content-detail">
<div class="detail-body"></div>
</div>
</div>
</div>        </div>
      </div>
    </div>
  </div>
<script src="https://cdn.jsdelivr.net/gh/extent-framework/extent-github-cdn@d6562a79075e061305ccfdb82f01e5e195e2d307/spark/js/spark-script.js"></script>
<script type="text/javascript"></script></body>
</html>